[2026-01-12T14:25:35.366+0000] {taskinstance.py:1159} INFO - Dependencies all met for dep_context=non-requeueable deps ti=<TaskInstance: cbr_metals_daily_etl_final.run_dbt_all manual__2026-01-12T14:25:33.319758+00:00 [queued]>
[2026-01-12T14:25:35.372+0000] {taskinstance.py:1159} INFO - Dependencies all met for dep_context=requeueable deps ti=<TaskInstance: cbr_metals_daily_etl_final.run_dbt_all manual__2026-01-12T14:25:33.319758+00:00 [queued]>
[2026-01-12T14:25:35.372+0000] {taskinstance.py:1361} INFO - Starting attempt 1 of 4
[2026-01-12T14:25:35.387+0000] {taskinstance.py:1382} INFO - Executing <Task(DockerOperator): run_dbt_all> on 2026-01-12 14:25:33.319758+00:00
[2026-01-12T14:25:35.392+0000] {standard_task_runner.py:57} INFO - Started process 242 to run task
[2026-01-12T14:25:35.395+0000] {standard_task_runner.py:84} INFO - Running: ['airflow', 'tasks', 'run', 'cbr_metals_daily_etl_final', 'run_dbt_all', 'manual__2026-01-12T14:25:33.319758+00:00', '--job-id', '142', '--raw', '--subdir', 'DAGS_FOLDER/cbr_metals_daily_etl_final.py', '--cfg-path', '/tmp/tmpp929ncaw']
[2026-01-12T14:25:35.397+0000] {standard_task_runner.py:85} INFO - Job 142: Subtask run_dbt_all
[2026-01-12T14:25:35.436+0000] {task_command.py:416} INFO - Running <TaskInstance: cbr_metals_daily_etl_final.run_dbt_all manual__2026-01-12T14:25:33.319758+00:00 [running]> on host 62006edfc906
[2026-01-12T14:25:35.517+0000] {taskinstance.py:1662} INFO - Exporting env vars: AIRFLOW_CTX_DAG_OWNER='biggy' AIRFLOW_CTX_DAG_ID='cbr_metals_daily_etl_final' AIRFLOW_CTX_TASK_ID='run_dbt_all' AIRFLOW_CTX_EXECUTION_DATE='2026-01-12T14:25:33.319758+00:00' AIRFLOW_CTX_TRY_NUMBER='1' AIRFLOW_CTX_DAG_RUN_ID='manual__2026-01-12T14:25:33.319758+00:00'
[2026-01-12T14:25:35.557+0000] {docker.py:343} INFO - Starting docker container from image bank_rates_monitoring-dbt
[2026-01-12T14:25:35.560+0000] {docker.py:351} WARNING - Using remote engine or docker-in-docker and mounting temporary volume from host is not supported. Falling back to `mount_tmp_dir=False` mode. You can set `mount_tmp_dir` parameter to False to disable mounting and remove the warning
[2026-01-12T14:25:37.598+0000] {docker.py:413} INFO - [0m14:25:37  Running with dbt=1.5.0
[2026-01-12T14:25:37.727+0000] {docker.py:413} INFO - [0m14:25:37  Found 4 models, 3 tests, 0 snapshots, 0 analyses, 308 macros, 0 operations, 0 seed files, 0 sources, 0 exposures, 0 metrics, 0 groups
[2026-01-12T14:25:37.728+0000] {docker.py:413} INFO - [0m14:25:37
[2026-01-12T14:25:37.764+0000] {docker.py:413} INFO - [0m14:25:37
[2026-01-12T14:25:37.765+0000] {docker.py:413} INFO - [0m14:25:37  Finished running  in 0 hours 0 minutes and 0.04 seconds (0.04s).
[2026-01-12T14:25:37.765+0000] {docker.py:413} INFO - [0m14:25:37  Encountered an error:
Database Error
  could not translate host name "postgres" to address: Temporary failure in name resolution
[2026-01-12T14:25:38.628+0000] {taskinstance.py:1937} ERROR - Task failed with exception
Traceback (most recent call last):
  File "/home/airflow/.local/lib/python3.8/site-packages/docker/api/client.py", line 268, in _raise_for_status
    response.raise_for_status()
  File "/home/airflow/.local/lib/python3.8/site-packages/requests/models.py", line 1021, in raise_for_status
    raise HTTPError(http_error_msg, response=self)
requests.exceptions.HTTPError: 400 Client Error: Bad Request for url: http+docker://localhost/v1.52/containers/create?name=dbt_task_20260112

The above exception was the direct cause of the following exception:

Traceback (most recent call last):
  File "/home/airflow/.local/lib/python3.8/site-packages/airflow/providers/docker/operators/docker.py", line 348, in _run_image
    return self._run_image_with_mounts([*self.mounts, tmp_mount], add_tmp_variable=True)
  File "/home/airflow/.local/lib/python3.8/site-packages/airflow/providers/docker/operators/docker.py", line 375, in _run_image_with_mounts
    self.container = self.cli.create_container(
  File "/home/airflow/.local/lib/python3.8/site-packages/docker/api/container.py", line 431, in create_container
    return self.create_container_from_config(config, name, platform)
  File "/home/airflow/.local/lib/python3.8/site-packages/docker/api/container.py", line 448, in create_container_from_config
    return self._result(res, True)
  File "/home/airflow/.local/lib/python3.8/site-packages/docker/api/client.py", line 274, in _result
    self._raise_for_status(response)
  File "/home/airflow/.local/lib/python3.8/site-packages/docker/api/client.py", line 270, in _raise_for_status
    raise create_api_error_from_http_exception(e) from e
  File "/home/airflow/.local/lib/python3.8/site-packages/docker/errors.py", line 39, in create_api_error_from_http_exception
    raise cls(e, response=response, explanation=explanation) from e
docker.errors.APIError: 400 Client Error for http+docker://localhost/v1.52/containers/create?name=dbt_task_20260112: Bad Request ("invalid mount config for type "bind": bind source path does not exist: /tmp/airflowtmpnp1ex3wk")

During handling of the above exception, another exception occurred:

Traceback (most recent call last):
  File "/home/airflow/.local/lib/python3.8/site-packages/airflow/providers/docker/operators/docker.py", line 486, in execute
    return self._run_image()
  File "/home/airflow/.local/lib/python3.8/site-packages/airflow/providers/docker/operators/docker.py", line 357, in _run_image
    return self._run_image_with_mounts(self.mounts, add_tmp_variable=False)
  File "/home/airflow/.local/lib/python3.8/site-packages/airflow/providers/docker/operators/docker.py", line 421, in _run_image_with_mounts
    raise DockerContainerFailedException(f"Docker container failed: {result!r}", logs=log_lines)
airflow.providers.docker.exceptions.DockerContainerFailedException: Docker container failed: {'StatusCode': 2}
[2026-01-12T14:25:38.631+0000] {taskinstance.py:1400} INFO - Marking task as UP_FOR_RETRY. dag_id=cbr_metals_daily_etl_final, task_id=run_dbt_all, execution_date=20260112T142533, start_date=20260112T142535, end_date=20260112T142538
[2026-01-12T14:25:38.640+0000] {standard_task_runner.py:104} ERROR - Failed to execute job 142 for task run_dbt_all (Docker container failed: {'StatusCode': 2}; 242)
[2026-01-12T14:25:38.656+0000] {local_task_job_runner.py:228} INFO - Task exited with return code 1
[2026-01-12T14:25:38.675+0000] {taskinstance.py:2778} INFO - 0 downstream tasks scheduled from follow-on schedule check
